Performing C SOURCE FILE Test CMAKE_HAVE_LIBC_PTHREAD failed with the following output:
Change Dir: /home/admir/CLionProjects/Lab_Lista_Spesa/cmake-build-debug/CMakeFiles/CMakeTmp

Run Build Command(s):/usr/bin/gmake -f Makefile cmTC_ffb1f/fast && gmake[1]: ingresso nella directory «/home/admir/CLionProjects/Lab_Lista_Spesa/cmake-build-debug/CMakeFiles/CMakeTmp»
/usr/bin/gmake  -f CMakeFiles/cmTC_ffb1f.dir/build.make CMakeFiles/cmTC_ffb1f.dir/build
gmake[2]: ingresso nella directory «/home/admir/CLionProjects/Lab_Lista_Spesa/cmake-build-debug/CMakeFiles/CMakeTmp»
Building C object CMakeFiles/cmTC_ffb1f.dir/src.c.o
/usr/bin/cc -DCMAKE_HAVE_LIBC_PTHREAD   -o CMakeFiles/cmTC_ffb1f.dir/src.c.o -c /home/admir/CLionProjects/Lab_Lista_Spesa/cmake-build-debug/CMakeFiles/CMakeTmp/src.c
Linking C executable cmTC_ffb1f
/snap/clion/164/bin/cmake/linux/bin/cmake -E cmake_link_script CMakeFiles/cmTC_ffb1f.dir/link.txt --verbose=1
/usr/bin/cc -rdynamic CMakeFiles/cmTC_ffb1f.dir/src.c.o -o cmTC_ffb1f 
/usr/bin/ld: CMakeFiles/cmTC_ffb1f.dir/src.c.o: in function `main':
src.c:(.text+0x46): undefined reference to `pthread_create'
/usr/bin/ld: src.c:(.text+0x52): undefined reference to `pthread_detach'
/usr/bin/ld: src.c:(.text+0x5e): undefined reference to `pthread_cancel'
/usr/bin/ld: src.c:(.text+0x6f): undefined reference to `pthread_join'
collect2: error: ld returned 1 exit status
gmake[2]: *** [CMakeFiles/cmTC_ffb1f.dir/build.make:99: cmTC_ffb1f] Errore 1
gmake[2]: uscita dalla directory «/home/admir/CLionProjects/Lab_Lista_Spesa/cmake-build-debug/CMakeFiles/CMakeTmp»
gmake[1]: *** [Makefile:127: cmTC_ffb1f/fast] Errore 2
gmake[1]: uscita dalla directory «/home/admir/CLionProjects/Lab_Lista_Spesa/cmake-build-debug/CMakeFiles/CMakeTmp»


Source file was:
#include <pthread.h>

static void* test_func(void* data)
{
  return data;
}

int main(void)
{
  pthread_t thread;
  pthread_create(&thread, NULL, test_func, NULL);
  pthread_detach(thread);
  pthread_cancel(thread);
  pthread_join(thread, NULL);
  pthread_atfork(NULL, NULL, NULL);
  pthread_exit(NULL);

  return 0;
}

